[1734697619.759][INFO]: Starting ChromeDriver 131.0.6778.204 (52183f9e99a61056f9b78535f53d256f1516f2a0-refs/branch-heads/6778_155@{#7}) on port 45003
[1734697619.760][INFO]: Please see https://chromedriver.chromium.org/security-considerations for suggestions on keeping ChromeDriver safe.
[1734697619.764][INFO]: ChromeDriver was started successfully on port 45003
[1734697619.875][INFO]: [a63aee143be4014b93bb9083d6ca4236] COMMAND InitSession {
   "capabilities": {
      "firstMatch": [ {
         "browserName": "chrome",
         "goog:chromeOptions": {
            "args": [ "--remote-allow-origins=*" ],
            "binary": "C:\\Users\\computer\\.cache\\selenium\\chrome\\win64\\131.0.6778.204\\chrome.exe",
            "extensions": [  ]
         },
         "goog:loggingPrefs": {
            "browser": "ALL",
            "driver": "ALL"
         }
      } ]
   }
}
[1734697619.971][INFO]: Populating Preferences file: {
   "alternate_error_pages": {
      "enabled": false
   },
   "autofill": {
      "enabled": false
   },
   "browser": {
      "check_default_browser": false
   },
   "distribution": {
      "import_bookmarks": false,
      "import_history": false,
      "import_search_engine": false,
      "make_chrome_default_for_user": false,
      "skip_first_run_ui": true
   },
   "dns_prefetching": {
      "enabled": false
   },
   "profile": {
      "content_settings": {
         "pattern_pairs": {
            "https://*,*": {
               "media-stream": {
                  "audio": "Default",
                  "video": "Default"
               }
            }
         }
      },
      "default_content_setting_values": {
         "geolocation": 1
      },
      "default_content_settings": {
         "geolocation": 1,
         "mouselock": 1,
         "notifications": 1,
         "popups": 1,
         "ppapi-broker": 1
      },
      "password_manager_enabled": false
   },
   "safebrowsing": {
      "enabled": false
   },
   "search": {
      "suggest_enabled": false
   },
   "translate": {
      "enabled": false
   }
}
[1734697619.971][INFO]: Populating Local State file: {
   "background_mode": {
      "enabled": false
   },
   "ssl": {
      "rev_checking": {
         "enabled": false
      }
   }
}
[1734697619.972][INFO]: ChromeDriver supports communication with Chrome via pipes. This is more reliable and more secure.
[1734697619.972][INFO]: Use the --remote-debugging-pipe Chrome switch instead of the default --remote-debugging-port to enable this communication mode.
[1734697619.973][INFO]: Launching chrome: "C:\Users\computer\.cache\selenium\chrome\win64\131.0.6778.204\chrome.exe" --allow-pre-commit-input --disable-background-networking --disable-backgrounding-occluded-windows --disable-client-side-phishing-detection --disable-default-apps --disable-hang-monitor --disable-popup-blocking --disable-prompt-on-repost --disable-sync --enable-automation --enable-logging --log-level=0 --no-first-run --no-service-autorun --password-store=basic --remote-allow-origins=* --remote-debugging-port=0 --test-type=webdriver --use-mock-keychain --user-data-dir="C:\Users\computer\AppData\Local\Temp\scoped_dir12056_1934302710" data:,
[1734697622.119][INFO]: resolved localhost to ["::1","127.0.0.1"]
[1734697622.125][INFO]: [a63aee143be4014b93bb9083d6ca4236] RESPONSE InitSession {
   "capabilities": {
      "acceptInsecureCerts": false,
      "browserName": "chrome",
      "browserVersion": "131.0.6778.204",
      "chrome": {
         "chromedriverVersion": "131.0.6778.204 (52183f9e99a61056f9b78535f53d256f1516f2a0-refs/branch-heads/6778_155@{#7})",
         "userDataDir": "C:\\Users\\computer\\AppData\\Local\\Temp\\scoped_dir12056_1934302710"
      },
      "fedcm:accounts": true,
      "goog:chromeOptions": {
         "debuggerAddress": "localhost:53503"
      },
      "networkConnectionEnabled": false,
      "pageLoadStrategy": "normal",
      "platformName": "windows",
      "proxy": {
      },
      "setWindowRect": true,
      "strictFileInteractability": false,
      "timeouts": {
         "implicit": 0,
         "pageLoad": 300000,
         "script": 30000
      },
      "unhandledPromptBehavior": "dismiss and notify",
      "webauthn:extension:credBlob": true,
      "webauthn:extension:largeBlob": true,
      "webauthn:extension:minPinLength": true,
      "webauthn:extension:prf": true,
      "webauthn:virtualAuthenticators": true
   },
   "sessionId": "a63aee143be4014b93bb9083d6ca4236"
}
[1734697622.593][INFO]: [a63aee143be4014b93bb9083d6ca4236] COMMAND MaximizeWindow {
}
[1734697622.593][INFO]: Waiting for pending navigations...
[1734697622.596][INFO]: Done waiting for pending navigations. Status: ok
[1734697622.629][INFO]: Waiting for pending navigations...
[1734697622.630][INFO]: Done waiting for pending navigations. Status: ok
[1734697622.631][INFO]: [a63aee143be4014b93bb9083d6ca4236] RESPONSE MaximizeWindow {
   "height": 736,
   "width": 1382,
   "x": -8,
   "y": -8
}
[1734697622.656][INFO]: [a63aee143be4014b93bb9083d6ca4236] COMMAND CloseWindow {
}
[1734697622.896][INFO]: [a63aee143be4014b93bb9083d6ca4236] RESPONSE CloseWindow [  ]
